2025-04-29 02:31:16 [ERROR]: [POST] /api/auth/login >> Expected property name or '}' in JSON at position 1 (line 1 column 2)
2025-04-29 02:31:16 [ERROR]: SyntaxError: Expected property name or '}' in JSON at position 1 (line 1 column 2)
    at JSON.parse (<anonymous>)
    at parse (C:\Users\sreen\Desktop\freelance\learning-platform\server\node_modules\body-parser\lib\types\json.js:92:19)
    at C:\Users\sreen\Desktop\freelance\learning-platform\server\node_modules\body-parser\lib\read.js:128:18
    at AsyncResource.runInAsyncScope (node:async_hooks:214:14)
    at invokeCallback (C:\Users\sreen\Desktop\freelance\learning-platform\server\node_modules\raw-body\index.js:238:16)
    at done (C:\Users\sreen\Desktop\freelance\learning-platform\server\node_modules\raw-body\index.js:227:7)
    at IncomingMessage.onEnd (C:\Users\sreen\Desktop\freelance\learning-platform\server\node_modules\raw-body\index.js:287:7)
    at IncomingMessage.emit (node:events:518:28)
    at endReadableNT (node:internal/streams/readable:1698:12)
    at process.processTicksAndRejections (node:internal/process/task_queues:90:21)
2025-04-29 02:38:01 [ERROR]: [POST] /api/learning/query >> Expected property name or '}' in JSON at position 1 (line 1 column 2)
2025-04-29 02:38:01 [ERROR]: SyntaxError: Expected property name or '}' in JSON at position 1 (line 1 column 2)
    at JSON.parse (<anonymous>)
    at parse (C:\Users\sreen\Desktop\freelance\learning-platform\server\node_modules\body-parser\lib\types\json.js:92:19)
    at C:\Users\sreen\Desktop\freelance\learning-platform\server\node_modules\body-parser\lib\read.js:128:18
    at AsyncResource.runInAsyncScope (node:async_hooks:214:14)
    at invokeCallback (C:\Users\sreen\Desktop\freelance\learning-platform\server\node_modules\raw-body\index.js:238:16)
    at done (C:\Users\sreen\Desktop\freelance\learning-platform\server\node_modules\raw-body\index.js:227:7)
    at IncomingMessage.onEnd (C:\Users\sreen\Desktop\freelance\learning-platform\server\node_modules\raw-body\index.js:287:7)
    at IncomingMessage.emit (node:events:518:28)
    at endReadableNT (node:internal/streams/readable:1698:12)
    at process.processTicksAndRejections (node:internal/process/task_queues:90:21)
2025-04-29 02:43:48 [ERROR]: [POST] /api/auth/login >> Expected property name or '}' in JSON at position 1 (line 1 column 2)
2025-04-29 02:43:48 [ERROR]: SyntaxError: Expected property name or '}' in JSON at position 1 (line 1 column 2)
    at JSON.parse (<anonymous>)
    at parse (C:\Users\sreen\Desktop\freelance\learning-platform\server\node_modules\body-parser\lib\types\json.js:92:19)
    at C:\Users\sreen\Desktop\freelance\learning-platform\server\node_modules\body-parser\lib\read.js:128:18
    at AsyncResource.runInAsyncScope (node:async_hooks:214:14)
    at invokeCallback (C:\Users\sreen\Desktop\freelance\learning-platform\server\node_modules\raw-body\index.js:238:16)
    at done (C:\Users\sreen\Desktop\freelance\learning-platform\server\node_modules\raw-body\index.js:227:7)
    at IncomingMessage.onEnd (C:\Users\sreen\Desktop\freelance\learning-platform\server\node_modules\raw-body\index.js:287:7)
    at IncomingMessage.emit (node:events:518:28)
    at endReadableNT (node:internal/streams/readable:1698:12)
    at process.processTicksAndRejections (node:internal/process/task_queues:90:21)
2025-04-29 02:53:04 [ERROR]: [POST] /api/learning/query >> Expected property name or '}' in JSON at position 1 (line 1 column 2)
2025-04-29 02:53:04 [ERROR]: SyntaxError: Expected property name or '}' in JSON at position 1 (line 1 column 2)
    at JSON.parse (<anonymous>)
    at parse (C:\Users\sreen\Desktop\freelance\learning-platform\server\node_modules\body-parser\lib\types\json.js:92:19)
    at C:\Users\sreen\Desktop\freelance\learning-platform\server\node_modules\body-parser\lib\read.js:128:18
    at AsyncResource.runInAsyncScope (node:async_hooks:214:14)
    at invokeCallback (C:\Users\sreen\Desktop\freelance\learning-platform\server\node_modules\raw-body\index.js:238:16)
    at done (C:\Users\sreen\Desktop\freelance\learning-platform\server\node_modules\raw-body\index.js:227:7)
    at IncomingMessage.onEnd (C:\Users\sreen\Desktop\freelance\learning-platform\server\node_modules\raw-body\index.js:287:7)
    at IncomingMessage.emit (node:events:518:28)
    at endReadableNT (node:internal/streams/readable:1698:12)
    at process.processTicksAndRejections (node:internal/process/task_queues:90:21)
2025-04-29 02:56:08 [ERROR]: Auth middleware error: invalid signature
2025-04-29 03:43:54 [ERROR]: [POST] /api/learning/content >> Expected property name or '}' in JSON at position 1 (line 1 column 2)
2025-04-29 03:43:54 [ERROR]: SyntaxError: Expected property name or '}' in JSON at position 1 (line 1 column 2)
    at JSON.parse (<anonymous>)
    at parse (C:\Users\sreen\Desktop\freelance\learning-platform\server\node_modules\body-parser\lib\types\json.js:92:19)
    at C:\Users\sreen\Desktop\freelance\learning-platform\server\node_modules\body-parser\lib\read.js:128:18
    at AsyncResource.runInAsyncScope (node:async_hooks:214:14)
    at invokeCallback (C:\Users\sreen\Desktop\freelance\learning-platform\server\node_modules\raw-body\index.js:238:16)
    at done (C:\Users\sreen\Desktop\freelance\learning-platform\server\node_modules\raw-body\index.js:227:7)
    at IncomingMessage.onEnd (C:\Users\sreen\Desktop\freelance\learning-platform\server\node_modules\raw-body\index.js:287:7)
    at IncomingMessage.emit (node:events:518:28)
    at endReadableNT (node:internal/streams/readable:1698:12)
    at process.processTicksAndRejections (node:internal/process/task_queues:90:21)
2025-04-29 03:44:12 [ERROR]: [POST] /api/learning/content >> Expected property name or '}' in JSON at position 1 (line 1 column 2)
2025-04-29 03:44:12 [ERROR]: SyntaxError: Expected property name or '}' in JSON at position 1 (line 1 column 2)
    at JSON.parse (<anonymous>)
    at parse (C:\Users\sreen\Desktop\freelance\learning-platform\server\node_modules\body-parser\lib\types\json.js:92:19)
    at C:\Users\sreen\Desktop\freelance\learning-platform\server\node_modules\body-parser\lib\read.js:128:18
    at AsyncResource.runInAsyncScope (node:async_hooks:214:14)
    at invokeCallback (C:\Users\sreen\Desktop\freelance\learning-platform\server\node_modules\raw-body\index.js:238:16)
    at done (C:\Users\sreen\Desktop\freelance\learning-platform\server\node_modules\raw-body\index.js:227:7)
    at IncomingMessage.onEnd (C:\Users\sreen\Desktop\freelance\learning-platform\server\node_modules\raw-body\index.js:287:7)
    at IncomingMessage.emit (node:events:518:28)
    at endReadableNT (node:internal/streams/readable:1698:12)
    at process.processTicksAndRejections (node:internal/process/task_queues:90:21)
2025-04-29 03:44:34 [ERROR]: [POST] /api/learning/content >> Expected property name or '}' in JSON at position 1 (line 1 column 2)
2025-04-29 03:44:34 [ERROR]: SyntaxError: Expected property name or '}' in JSON at position 1 (line 1 column 2)
    at JSON.parse (<anonymous>)
    at parse (C:\Users\sreen\Desktop\freelance\learning-platform\server\node_modules\body-parser\lib\types\json.js:92:19)
    at C:\Users\sreen\Desktop\freelance\learning-platform\server\node_modules\body-parser\lib\read.js:128:18
    at AsyncResource.runInAsyncScope (node:async_hooks:214:14)
    at invokeCallback (C:\Users\sreen\Desktop\freelance\learning-platform\server\node_modules\raw-body\index.js:238:16)
    at done (C:\Users\sreen\Desktop\freelance\learning-platform\server\node_modules\raw-body\index.js:227:7)
    at IncomingMessage.onEnd (C:\Users\sreen\Desktop\freelance\learning-platform\server\node_modules\raw-body\index.js:287:7)
    at IncomingMessage.emit (node:events:518:28)
    at endReadableNT (node:internal/streams/readable:1698:12)
    at process.processTicksAndRejections (node:internal/process/task_queues:90:21)
2025-04-29 12:31:55 [ERROR]: MongoDB connection error: getaddrinfo ENOTFOUND mongo
2025-04-29 12:32:39 [ERROR]: MongoDB connection error: getaddrinfo ENOTFOUND mongo
